#
# There is insufficient memory for the Java Runtime Environment to continue.
# Native memory allocation (mmap) failed to map 94371840 bytes. Error detail: G1 virtual space
# Possible reasons:
#   The system is out of physical RAM or swap space
#   This process is running with CompressedOops enabled, and the Java Heap may be blocking the growth of the native heap
# Possible solutions:
#   Reduce memory load on the system
#   Increase physical memory or swap space
#   Check if swap backing store is full
#   Decrease Java heap size (-Xmx/-Xms)
#   Decrease number of Java threads
#   Decrease Java thread stack sizes (-Xss)
#   Set larger code cache with -XX:ReservedCodeCacheSize=
#   JVM is running with Zero Based Compressed Oops mode in which the Java heap is
#     placed in the first 32GB address space. The Java Heap base address is the
#     maximum limit for the native heap growth. Please use -XX:HeapBaseMinAddress
#     to set the Java Heap base and to place the Java Heap above 32GB virtual address.
# This output file may be truncated or incomplete.
#
#  Out of Memory Error (os_windows.cpp:3925), pid=29596, tid=28492
#
# JRE version: OpenJDK Runtime Environment (21.0.8) (build 21.0.8+-14196175-b1038.72)
# Java VM: OpenJDK 64-Bit Server VM (21.0.8+-14196175-b1038.72, mixed mode, tiered, compressed oops, compressed class ptrs, g1 gc, windows-amd64)
# No core dump will be written. Minidumps are not enabled by default on client versions of Windows
#

---------------  S U M M A R Y ------------

Command Line: --add-opens=java.base/java.lang=ALL-UNNAMED --add-opens=java.base/java.lang.invoke=ALL-UNNAMED --add-opens=java.base/java.util=ALL-UNNAMED --add-opens=java.prefs/java.util.prefs=ALL-UNNAMED --add-exports=jdk.compiler/com.sun.tools.javac.api=ALL-UNNAMED --add-exports=jdk.compiler/com.sun.tools.javac.util=ALL-UNNAMED --add-opens=java.base/java.util=ALL-UNNAMED --add-opens=java.prefs/java.util.prefs=ALL-UNNAMED --add-opens=java.base/java.nio.charset=ALL-UNNAMED --add-opens=java.base/java.net=ALL-UNNAMED --add-opens=java.base/java.util.concurrent.atomic=ALL-UNNAMED --add-opens=java.xml/javax.xml.namespace=ALL-UNNAMED -XX:MaxMetaspaceSize=512m -Xmx4096m -Dfile.encoding=UTF-8 -Duser.country=IN -Duser.language=en -Duser.variant -javaagent:C:\Users\ERIC SHELDON RS\.gradle\wrapper\dists\gradle-8.13-bin\5xuhj0ry160q40clulazy9h7d\gradle-8.13\lib\agents\gradle-instrumentation-agent-8.13.jar org.gradle.launcher.daemon.bootstrap.GradleDaemon 8.13

Host: AMD Ryzen 5 6600H with Radeon Graphics         , 12 cores, 15G,  Windows 11 , 64 bit Build 26100 (10.0.26100.7920)
Time: Fri Mar 13 15:36:19 2026 India Standard Time elapsed time: 24.304486 seconds (0d 0h 0m 24s)

---------------  T H R E A D  ---------------

Current thread (0x000001c0f5d94780):  VMThread "VM Thread"          [id=28492, stack(0x000000b9bb600000,0x000000b9bb700000) (1024K)]

Stack: [0x000000b9bb600000,0x000000b9bb700000]
Native frames: (J=compiled Java code, j=interpreted, Vv=VM code, C=native code)
V  [jvm.dll+0x6d68d9]
V  [jvm.dll+0x866693]
V  [jvm.dll+0x868c4e]
V  [jvm.dll+0x869333]
V  [jvm.dll+0x280566]
V  [jvm.dll+0x6d3195]
V  [jvm.dll+0x6c69ea]
V  [jvm.dll+0x3586db]
V  [jvm.dll+0x360336]
V  [jvm.dll+0x3b23f6]
V  [jvm.dll+0x3b26c8]
V  [jvm.dll+0x32ae6c]
V  [jvm.dll+0x32aef7]
V  [jvm.dll+0x370d3c]
V  [jvm.dll+0x36f4ee]
V  [jvm.dll+0x32a5c1]
V  [jvm.dll+0x36ebf0]
V  [jvm.dll+0x86f0b8]
V  [jvm.dll+0x870434]
V  [jvm.dll+0x870970]
V  [jvm.dll+0x870c03]
V  [jvm.dll+0x80eac8]
V  [jvm.dll+0x6d512d]
C  [ucrtbase.dll+0x37b0]
C  [KERNEL32.DLL+0x2e8d7]
C  [ntdll.dll+0x8c48c]

VM_Operation (0x000000b9bd9fd7b0): G1CollectForAllocation, mode: safepoint, requested by thread 0x000001c098ba4170


---------------  P R O C E S S  ---------------

Threads class SMR info:
_java_thread_list=0x000001c09cdaa9e0, length=74, elements={
0x000001c0f5db9960, 0x000001c0ff5c2620, 0x000001c0ff5fa350, 0x000001c0ff5fcef0,
0x000001c0ff5fdd00, 0x000001c0ff5fe760, 0x000001c0ff60fd50, 0x000001c0ff6103c0,
0x000001c0ff611150, 0x000001c0ff611bf0, 0x000001c0ff8be4a0, 0x000001c0987bf120,
0x000001c098826480, 0x000001c098912ac0, 0x000001c098a88880, 0x000001c09895e4b0,
0x000001c0989959c0, 0x000001c098994890, 0x000001c098ba3450, 0x000001c098ba4800,
0x000001c098ba2730, 0x000001c098ba2dc0, 0x000001c098ba3ae0, 0x000001c098ba4170,
0x000001c098ba1a10, 0x000001c098ba20a0, 0x000001c0994586d0, 0x000001c099458040,
0x000001c099459a80, 0x000001c099456600, 0x000001c099458d60, 0x000001c099457320,
0x000001c0994593f0, 0x000001c09945a110, 0x000001c09945bb50, 0x000001c09945c870,
0x000001c09945b4c0, 0x000001c09945a7a0, 0x000001c09945cf00, 0x000001c09945ae30,
0x000001c09a131170, 0x000001c098ef7120, 0x000001c098ef6400, 0x000001c098ef5050,
0x000001c098ef8b60, 0x000001c098ef6a90, 0x000001c098ef56e0, 0x000001c098ef77b0,
0x000001c098ef5d70, 0x000001c098efb2c0, 0x000001c098ef91f0, 0x000001c098ef9880,
0x000001c098efa5a0, 0x000001c098ef9f10, 0x000001c098ef7e40, 0x000001c098efac30,
0x000001c098efb950, 0x000001c098efbfe0, 0x000001c098efc670, 0x000001c099d02b20,
0x000001c099d05280, 0x000001c099d04bf0, 0x000001c099d05fa0, 0x000001c099d031b0,
0x000001c099d06cc0, 0x000001c099d03840, 0x000001c099d06630, 0x000001c099d07350,
0x000001c099d03ed0, 0x000001c099d079e0, 0x000001c099d04560, 0x000001c099d08070,
0x000001c099d08700, 0x000001c099d08d90
}

Java Threads: ( => current thread )
  0x000001c0f5db9960 JavaThread "main"                              [_thread_blocked, id=21848, stack(0x000000b9baf00000,0x000000b9bb000000) (1024K)]
  0x000001c0ff5c2620 JavaThread "Common-Cleaner"             daemon [_thread_blocked, id=14016, stack(0x000000b9bb700000,0x000000b9bb800000) (1024K)]
  0x000001c0ff5fa350 JavaThread "Reference Handler"          daemon [_thread_blocked, id=19204, stack(0x000000b9bb800000,0x000000b9bb900000) (1024K)]
  0x000001c0ff5fcef0 JavaThread "Finalizer"                  daemon [_thread_blocked, id=9620, stack(0x000000b9bb900000,0x000000b9bba00000) (1024K)]
  0x000001c0ff5fdd00 JavaThread "Signal Dispatcher"          daemon [_thread_blocked, id=26804, stack(0x000000b9bba00000,0x000000b9bbb00000) (1024K)]
  0x000001c0ff5fe760 JavaThread "Attach Listener"            daemon [_thread_blocked, id=8036, stack(0x000000b9bbb00000,0x000000b9bbc00000) (1024K)]
  0x000001c0ff60fd50 JavaThread "Service Thread"             daemon [_thread_blocked, id=26212, stack(0x000000b9bbc00000,0x000000b9bbd00000) (1024K)]
  0x000001c0ff6103c0 JavaThread "Monitor Deflation Thread"   daemon [_thread_blocked, id=7508, stack(0x000000b9bbd00000,0x000000b9bbe00000) (1024K)]
  0x000001c0ff611150 JavaThread "C2 CompilerThread0"         daemon [_thread_blocked, id=10628, stack(0x000000b9bbe00000,0x000000b9bbf00000) (1024K)]
  0x000001c0ff611bf0 JavaThread "C1 CompilerThread0"         daemon [_thread_blocked, id=22460, stack(0x000000b9bbf00000,0x000000b9bc000000) (1024K)]
  0x000001c0ff8be4a0 JavaThread "Notification Thread"        daemon [_thread_blocked, id=19080, stack(0x000000b9bc000000,0x000000b9bc100000) (1024K)]
  0x000001c0987bf120 JavaThread "Daemon health stats"               [_thread_blocked, id=27296, stack(0x000000b9bc600000,0x000000b9bc700000) (1024K)]
  0x000001c098826480 JavaThread "Incoming local TCP Connector on port 51944"        [_thread_in_native, id=27768, stack(0x000000b9bc700000,0x000000b9bc800000) (1024K)]
  0x000001c098912ac0 JavaThread "Daemon periodic checks"            [_thread_blocked, id=26620, stack(0x000000b9bc800000,0x000000b9bc900000) (1024K)]
  0x000001c098a88880 JavaThread "Daemon"                            [_thread_blocked, id=23832, stack(0x000000b9bc900000,0x000000b9bca00000) (1024K)]
  0x000001c09895e4b0 JavaThread "Handler for socket connection from /127.0.0.1:51944 to /127.0.0.1:51945"        [_thread_in_native, id=8484, stack(0x000000b9bca00000,0x000000b9bcb00000) (1024K)]
  0x000001c0989959c0 JavaThread "Cancel handler"                    [_thread_blocked, id=28220, stack(0x000000b9bcb00000,0x000000b9bcc00000) (1024K)]
  0x000001c098994890 JavaThread "Daemon worker"                     [_thread_blocked, id=29356, stack(0x000000b9bcc00000,0x000000b9bcd00000) (1024K)]
  0x000001c098ba3450 JavaThread "Asynchronous log dispatcher for DefaultDaemonConnection: socket connection from /127.0.0.1:51944 to /127.0.0.1:51945"        [_thread_blocked, id=20424, stack(0x000000b9bc100000,0x000000b9bc200000) (1024K)]
  0x000001c098ba4800 JavaThread "Stdin handler"                     [_thread_blocked, id=12484, stack(0x000000b9bcd00000,0x000000b9bce00000) (1024K)]
  0x000001c098ba2730 JavaThread "Daemon client event forwarder"        [_thread_blocked, id=9448, stack(0x000000b9bce00000,0x000000b9bcf00000) (1024K)]
  0x000001c098ba2dc0 JavaThread "Cache worker for journal cache (C:\Users\ERIC SHELDON RS\.gradle\caches\journal-1)"        [_thread_blocked, id=23988, stack(0x000000b9bd600000,0x000000b9bd700000) (1024K)]
  0x000001c098ba3ae0 JavaThread "File lock request listener"        [_thread_in_native, id=16040, stack(0x000000b9bd700000,0x000000b9bd800000) (1024K)]
  0x000001c098ba4170 JavaThread "Cache worker for file hash cache (C:\Users\ERIC SHELDON RS\.gradle\caches\8.13\fileHashes)"        [_thread_blocked, id=29044, stack(0x000000b9bd900000,0x000000b9bda00000) (1024K)]
  0x000001c098ba1a10 JavaThread "Cache worker for file hash cache (C:\Games\JeetX\FRONTEND\JeetX\android\.gradle\8.13\fileHashes)"        [_thread_blocked, id=27212, stack(0x000000b9bdb00000,0x000000b9bdc00000) (1024K)]
  0x000001c098ba20a0 JavaThread "Cache worker for Build Output Cleanup Cache (C:\Games\JeetX\FRONTEND\JeetX\android\.gradle\buildOutputCleanup)"        [_thread_blocked, id=26464, stack(0x000000b9bdc00000,0x000000b9bdd00000) (1024K)]
  0x000001c0994586d0 JavaThread "File watcher server"        daemon [_thread_in_native, id=27764, stack(0x000000b9bda00000,0x000000b9bdb00000) (1024K)]
  0x000001c099458040 JavaThread "File watcher consumer"      daemon [_thread_blocked, id=28964, stack(0x000000b9bdd00000,0x000000b9bde00000) (1024K)]
  0x000001c099459a80 JavaThread "jar transforms"                    [_thread_blocked, id=29392, stack(0x000000b9bdf00000,0x000000b9be000000) (1024K)]
  0x000001c099456600 JavaThread "Cache worker for checksums cache (C:\Games\JeetX\FRONTEND\JeetX\android\.gradle\8.13\checksums)"        [_thread_blocked, id=28712, stack(0x000000b9be000000,0x000000b9be100000) (1024K)]
  0x000001c099458d60 JavaThread "Cache worker for file content cache (C:\Users\ERIC SHELDON RS\.gradle\caches\8.13\fileContent)"        [_thread_blocked, id=12220, stack(0x000000b9be100000,0x000000b9be200000) (1024K)]
  0x000001c099457320 JavaThread "Cache worker for cache directory md-supplier (C:\Users\ERIC SHELDON RS\.gradle\caches\8.13\md-supplier)"        [_thread_blocked, id=30656, stack(0x000000b9bde00000,0x000000b9bdf00000) (1024K)]
  0x000001c0994593f0 JavaThread "Cache worker for cache directory md-rule (C:\Users\ERIC SHELDON RS\.gradle\caches\8.13\md-rule)"        [_thread_blocked, id=3988, stack(0x000000b9be200000,0x000000b9be300000) (1024K)]
  0x000001c09945a110 JavaThread "Cache worker for Build Output Cleanup Cache (C:\Games\JeetX\FRONTEND\JeetX\node_modules\@react-native\gradle-plugin\.gradle\buildOutputCleanup)"        [_thread_blocked, id=23084, stack(0x000000b9be300000,0x000000b9be400000) (1024K)]
  0x000001c09945bb50 JavaThread "Unconstrained build operations"        [_thread_blocked, id=25700, stack(0x000000b9be400000,0x000000b9be500000) (1024K)]
  0x000001c09945c870 JavaThread "Unconstrained build operations Thread 2"        [_thread_blocked, id=28212, stack(0x000000b9be500000,0x000000b9be600000) (1024K)]
  0x000001c09945b4c0 JavaThread "Unconstrained build operations Thread 3"        [_thread_blocked, id=26656, stack(0x000000b9be600000,0x000000b9be700000) (1024K)]
  0x000001c09945a7a0 JavaThread "Unconstrained build operations Thread 4"        [_thread_blocked, id=26520, stack(0x000000b9be700000,0x000000b9be800000) (1024K)]
  0x000001c09945cf00 JavaThread "Unconstrained build operations Thread 5"        [_thread_blocked, id=15928, stack(0x000000b9be800000,0x000000b9be900000) (1024K)]
  0x000001c09945ae30 JavaThread "Unconstrained build operations Thread 6"        [_thread_blocked, id=22668, stack(0x000000b9be900000,0x000000b9bea00000) (1024K)]
  0x000001c09a131170 JavaThread "C2 CompilerThread1"         daemon [_thread_blocked, id=23572, stack(0x000000b9bd800000,0x000000b9bd900000) (1024K)]
  0x000001c098ef7120 JavaThread "Unconstrained build operations Thread 7"        [_thread_blocked, id=25760, stack(0x000000b9bea00000,0x000000b9beb00000) (1024K)]
  0x000001c098ef6400 JavaThread "Unconstrained build operations Thread 8"        [_thread_blocked, id=6464, stack(0x000000b9beb00000,0x000000b9bec00000) (1024K)]
  0x000001c098ef5050 JavaThread "Unconstrained build operations Thread 9"        [_thread_blocked, id=15336, stack(0x000000b9bec00000,0x000000b9bed00000) (1024K)]
  0x000001c098ef8b60 JavaThread "Unconstrained build operations Thread 10"        [_thread_blocked, id=24436, stack(0x000000b9bed00000,0x000000b9bee00000) (1024K)]
  0x000001c098ef6a90 JavaThread "Unconstrained build operations Thread 11"        [_thread_blocked, id=25488, stack(0x000000b9bee00000,0x000000b9bef00000) (1024K)]
  0x000001c098ef56e0 JavaThread "Unconstrained build operations Thread 12"        [_thread_blocked, id=22432, stack(0x000000b9bef00000,0x000000b9bf000000) (1024K)]
  0x000001c098ef77b0 JavaThread "Unconstrained build operations Thread 13"        [_thread_blocked, id=3280, stack(0x000000b9bf000000,0x000000b9bf100000) (1024K)]
  0x000001c098ef5d70 JavaThread "Unconstrained build operations Thread 14"        [_thread_blocked, id=29072, stack(0x000000b9bf100000,0x000000b9bf200000) (1024K)]
  0x000001c098efb2c0 JavaThread "Unconstrained build operations Thread 15"        [_thread_blocked, id=4384, stack(0x000000b9bf200000,0x000000b9bf300000) (1024K)]
  0x000001c098ef91f0 JavaThread "Unconstrained build operations Thread 16"        [_thread_blocked, id=23828, stack(0x000000b9bf300000,0x000000b9bf400000) (1024K)]
  0x000001c098ef9880 JavaThread "Unconstrained build operations Thread 17"        [_thread_blocked, id=26480, stack(0x000000b9bf400000,0x000000b9bf500000) (1024K)]
  0x000001c098efa5a0 JavaThread "Unconstrained build operations Thread 18"        [_thread_blocked, id=2668, stack(0x000000b9bf500000,0x000000b9bf600000) (1024K)]
  0x000001c098ef9f10 JavaThread "Unconstrained build operations Thread 19"        [_thread_blocked, id=13984, stack(0x000000b9bf600000,0x000000b9bf700000) (1024K)]
  0x000001c098ef7e40 JavaThread "Unconstrained build operations Thread 20"        [_thread_blocked, id=30496, stack(0x000000b9bf700000,0x000000b9bf800000) (1024K)]
  0x000001c098efac30 JavaThread "Unconstrained build operations Thread 21"        [_thread_blocked, id=9668, stack(0x000000b9bf800000,0x000000b9bf900000) (1024K)]
  0x000001c098efb950 JavaThread "Unconstrained build operations Thread 22"        [_thread_blocked, id=3080, stack(0x000000b9bf900000,0x000000b9bfa00000) (1024K)]
  0x000001c098efbfe0 JavaThread "Unconstrained build operations Thread 23"        [_thread_blocked, id=25228, stack(0x000000b9bfa00000,0x000000b9bfb00000) (1024K)]
  0x000001c098efc670 JavaThread "Unconstrained build operations Thread 24"        [_thread_blocked, id=27128, stack(0x000000b9bfb00000,0x000000b9bfc00000) (1024K)]
  0x000001c099d02b20 JavaThread "Unconstrained build operations Thread 25"        [_thread_blocked, id=13636, stack(0x000000b9bfc00000,0x000000b9bfd00000) (1024K)]
  0x000001c099d05280 JavaThread "Unconstrained build operations Thread 26"        [_thread_blocked, id=28948, stack(0x000000b9bfd00000,0x000000b9bfe00000) (1024K)]
  0x000001c099d04bf0 JavaThread "Unconstrained build operations Thread 27"        [_thread_blocked, id=11932, stack(0x000000b9bfe00000,0x000000b9bff00000) (1024K)]
  0x000001c099d05fa0 JavaThread "Unconstrained build operations Thread 28"        [_thread_blocked, id=30116, stack(0x000000b9bff00000,0x000000b9c0000000) (1024K)]
  0x000001c099d031b0 JavaThread "Unconstrained build operations Thread 29"        [_thread_blocked, id=28936, stack(0x000000b9c0000000,0x000000b9c0100000) (1024K)]
  0x000001c099d06cc0 JavaThread "Unconstrained build operations Thread 30"        [_thread_blocked, id=21600, stack(0x000000b9c0100000,0x000000b9c0200000) (1024K)]
  0x000001c099d03840 JavaThread "Unconstrained build operations Thread 31"        [_thread_blocked, id=24612, stack(0x000000b9c0200000,0x000000b9c0300000) (1024K)]
  0x000001c099d06630 JavaThread "Unconstrained build operations Thread 32"        [_thread_blocked, id=26560, stack(0x000000b9c0300000,0x000000b9c0400000) (1024K)]
  0x000001c099d07350 JavaThread "Unconstrained build operations Thread 33"        [_thread_blocked, id=8276, stack(0x000000b9c0400000,0x000000b9c0500000) (1024K)]
  0x000001c099d03ed0 JavaThread "Unconstrained build operations Thread 34"        [_thread_blocked, id=25440, stack(0x000000b9c0500000,0x000000b9c0600000) (1024K)]
  0x000001c099d079e0 JavaThread "Unconstrained build operations Thread 35"        [_thread_blocked, id=27120, stack(0x000000b9c0600000,0x000000b9c0700000) (1024K)]
  0x000001c099d04560 JavaThread "Unconstrained build operations Thread 36"        [_thread_blocked, id=26184, stack(0x000000b9c0700000,0x000000b9c0800000) (1024K)]
  0x000001c099d08070 JavaThread "Unconstrained build operations Thread 37"        [_thread_blocked, id=6820, stack(0x000000b9c0800000,0x000000b9c0900000) (1024K)]
  0x000001c099d08700 JavaThread "Unconstrained build operations Thread 38"        [_thread_blocked, id=30340, stack(0x000000b9c0900000,0x000000b9c0a00000) (1024K)]
  0x000001c099d08d90 JavaThread "Unconstrained build operations Thread 39"        [_thread_blocked, id=25728, stack(0x000000b9c0a00000,0x000000b9c0b00000) (1024K)]
Total: 74

Other Threads:
=>0x000001c0f5d94780 VMThread "VM Thread"                           [id=28492, stack(0x000000b9bb600000,0x000000b9bb700000) (1024K)]
  0x000001c0ff3d1df0 WatcherThread "VM Periodic Task Thread"        [id=10692, stack(0x000000b9bb500000,0x000000b9bb600000) (1024K)]
  0x000001c0f5d943e0 WorkerThread "GC Thread#0"                     [id=11272, stack(0x000000b9bb000000,0x000000b9bb100000) (1024K)]
  0x000001c0f5d93560 WorkerThread "GC Thread#1"                     [id=10796, stack(0x000000b9bc200000,0x000000b9bc300000) (1024K)]
  0x000001c0f5d931c0 WorkerThread "GC Thread#2"                     [id=8108, stack(0x000000b9bc300000,0x000000b9bc400000) (1024K)]
  0x000001c0f5d93ca0 WorkerThread "GC Thread#3"                     [id=27148, stack(0x000000b9bc400000,0x000000b9bc500000) (1024K)]
  0x000001c097215320 WorkerThread "GC Thread#4"                     [id=11252, stack(0x000000b9bc500000,0x000000b9bc600000) (1024K)]
  0x000001c0972156c0 WorkerThread "GC Thread#5"                     [id=21400, stack(0x000000b9bcf00000,0x000000b9bd000000) (1024K)]
  0x000001c0972127a0 WorkerThread "GC Thread#6"                     [id=21448, stack(0x000000b9bd000000,0x000000b9bd100000) (1024K)]
  0x000001c097212400 WorkerThread "GC Thread#7"                     [id=21420, stack(0x000000b9bd100000,0x000000b9bd200000) (1024K)]
  0x000001c097213280 WorkerThread "GC Thread#8"                     [id=26996, stack(0x000000b9bd200000,0x000000b9bd300000) (1024K)]
  0x000001c097212b40 WorkerThread "GC Thread#9"                     [id=27776, stack(0x000000b9bd300000,0x000000b9bd400000) (1024K)]
  0x000001c0f8158f10 ConcurrentGCThread "G1 Main Marker"            [id=26372, stack(0x000000b9bb100000,0x000000b9bb200000) (1024K)]
  0x000001c0f5d93900 WorkerThread "G1 Conc#0"                       [id=9832, stack(0x000000b9bb200000,0x000000b9bb300000) (1024K)]
  0x000001c0972139c0 WorkerThread "G1 Conc#1"                       [id=21480, stack(0x000000b9bd400000,0x000000b9bd500000) (1024K)]
  0x000001c097213d60 WorkerThread "G1 Conc#2"                       [id=21364, stack(0x000000b9bd500000,0x000000b9bd600000) (1024K)]
  0x000001c0ff2a6210 ConcurrentGCThread "G1 Refine#0"               [id=22548, stack(0x000000b9bb300000,0x000000b9bb400000) (1024K)]
  0x000001c0ff2a6b90 ConcurrentGCThread "G1 Service"                [id=13548, stack(0x000000b9bb400000,0x000000b9bb500000) (1024K)]
Total: 18

Threads with active compile tasks:
C2 CompilerThread0  24374 6974       4       sun.nio.fs.WindowsPathParser::normalize (138 bytes)
C2 CompilerThread1  24374 7010       4       org.gradle.internal.snapshot.VfsRelativePath::isPrefix (110 bytes)
Total: 2

VM state: at safepoint (normal execution)

VM Mutex/Monitor currently owned by a thread:  ([mutex/lock_event])
[0x00007ff958a985b8] Threads_lock - owner thread: 0x000001c0f5d94780
[0x00007ff958a986b8] Heap_lock - owner thread: 0x000001c098ba4170

Heap address: 0x0000000700000000, size: 4096 MB, Compressed Oops mode: Zero based, Oop shift amount: 3

CDS archive(s) not mapped
Compressed class space mapped at: 0x0000000800000000-0x000000081a000000, reserved size: 436207616
Narrow klass base: 0x0000000800000000, Narrow klass shift: 0, Narrow klass range: 0x1a000000

GC Precious Log:
 CardTable entry size: 512
 Card Set container configuration: InlinePtr #cards 4 size 8 Array Of Cards #cards 16 size 48 Howl #buckets 8 coarsen threshold 3686 Howl Bitmap #cards 512 size 80 coarsen threshold 460 Card regions per heap region 1 cards per card region 4096
 CPUs: 12 total, 12 available
 Memory: 15676M
 Large Page Support: Disabled
 NUMA Support: Disabled
 Compressed Oops: Enabled (Zero based)
 Heap Region Size: 2M
 Heap Min Capacity: 8M
 Heap Initial Capacity: 246M
 Heap Max Capacity: 4G
 Pre-touch: Disabled
 Parallel Workers: 10
 Concurrent Workers: 3
 Concurrent Refinement Workers: 10
 Periodic GC: Disabled

Heap:
 garbage-first heap   total 90112K, used 50714K [0x0000000700000000, 0x0000000800000000)
  region size 2048K, 1 young (2048K), 1 survivors (2048K)
 Metaspace       used 69600K, committed 71232K, reserved 491520K
  class space    used 9819K, committed 10624K, reserved 425984K

Heap Regions: E=young(eden), S=young(survivor), O=old, HS=humongous(starts), HC=humongous(continues), CS=collection set, F=free, TAMS=top-at-mark-start, PB=parsable bottom
|   0|0x0000000700000000, 0x0000000700200000, 0x0000000700200000|100%|HS|  |TAMS 0x0000000700200000| PB 0x0000000700000000| Complete 
|   1|0x0000000700200000, 0x0000000700400000, 0x0000000700400000|100%|HC|  |TAMS 0x0000000700400000| PB 0x0000000700200000| Complete 
|   2|0x0000000700400000, 0x0000000700600000, 0x0000000700600000|100%| O|  |TAMS 0x0000000700600000| PB 0x0000000700400000| Untracked 
|   3|0x0000000700600000, 0x0000000700800000, 0x0000000700800000|100%| O|  |TAMS 0x0000000700800000| PB 0x0000000700600000| Untracked 
|   4|0x0000000700800000, 0x0000000700a00000, 0x0000000700a00000|100%| O|  |TAMS 0x0000000700a00000| PB 0x0000000700800000| Untracked 
|   5|0x0000000700a00000, 0x0000000700c00000, 0x0000000700c00000|100%| O|  |TAMS 0x0000000700c00000| PB 0x0000000700a00000| Untracked 
|   6|0x0000000700c00000, 0x0000000700e00000, 0x0000000700e00000|100%| O|  |TAMS 0x0000000700e00000| PB 0x0000000700c00000| Untracked 
|   7|0x0000000700e00000, 0x0000000701000000, 0x0000000701000000|100%| O|  |TAMS 0x0000000701000000| PB 0x0000000700e00000| Untracked 
|   8|0x0000000701000000, 0x0000000701200000, 0x0000000701200000|100%| O|  |TAMS 0x0000000701200000| PB 0x0000000701000000| Untracked 
|   9|0x0000000701200000, 0x0000000701400000, 0x0000000701400000|100%| O|  |TAMS 0x0000000701400000| PB 0x0000000701200000| Untracked 
|  10|0x0000000701400000, 0x0000000701600000, 0x0000000701600000|100%| O|  |TAMS 0x0000000701600000| PB 0x0000000701400000| Untracked 
|  11|0x0000000701600000, 0x0000000701800000, 0x0000000701800000|100%| O|  |TAMS 0x0000000701800000| PB 0x0000000701600000| Untracked 
|  12|0x0000000701800000, 0x0000000701a00000, 0x0000000701a00000|100%| O|  |TAMS 0x0000000701a00000| PB 0x0000000701800000| Untracked 
|  13|0x0000000701a00000, 0x0000000701c00000, 0x0000000701c00000|100%| O|  |TAMS 0x0000000701c00000| PB 0x0000000701a00000| Untracked 
|  14|0x0000000701c00000, 0x0000000701c11e00, 0x0000000701e00000|  3%| O|  |TAMS 0x0000000701c00000| PB 0x0000000701c00000| Untracked 
|  15|0x0000000701e00000, 0x0000000702000000, 0x0000000702000000|100%| O|  |TAMS 0x0000000702000000| PB 0x0000000701e00000| Untracked 
|  16|0x0000000702000000, 0x0000000702200000, 0x0000000702200000|100%| O|  |TAMS 0x0000000702200000| PB 0x0000000702000000| Untracked 
|  17|0x0000000702200000, 0x0000000702400000, 0x0000000702400000|100%| O|  |TAMS 0x0000000702400000| PB 0x0000000702200000| Untracked 
|  18|0x0000000702400000, 0x0000000702600000, 0x0000000702600000|100%| O|  |TAMS 0x0000000702600000| PB 0x0000000702400000| Untracked 
|  19|0x0000000702600000, 0x0000000702800000, 0x0000000702800000|100%| O|  |TAMS 0x0000000702800000| PB 0x0000000702600000| Untracked 
|  20|0x0000000702800000, 0x0000000702a00000, 0x0000000702a00000|100%| O|  |TAMS 0x0000000702a00000| PB 0x0000000702800000| Untracked 
|  21|0x0000000702a00000, 0x0000000702c00000, 0x0000000702c00000|100%| O|  |TAMS 0x0000000702c00000| PB 0x0000000702a00000| Untracked 
|  22|0x0000000702c00000, 0x0000000702e00000, 0x0000000702e00000|100%| O|  |TAMS 0x0000000702e00000| PB 0x0000000702c00000| Untracked 
|  23|0x0000000702e00000, 0x0000000703000000, 0x0000000703000000|100%| O|  |TAMS 0x0000000702e8a5c0| PB 0x0000000702e00000| Untracked 
|  24|0x0000000703000000, 0x0000000703000000, 0x0000000703200000|  0%| F|  |TAMS 0x0000000703000000| PB 0x0000000703000000| Untracked 
|  25|0x0000000703200000, 0x0000000703200000, 0x0000000703400000|  0%| F|  |TAMS 0x0000000703200000| PB 0x0000000703200000| Untracked 
|  26|0x0000000703400000, 0x0000000703400000, 0x0000000703600000|  0%| F|  |TAMS 0x0000000703400000| PB 0x0000000703400000| Untracked 
|  27|0x0000000703600000, 0x0000000703600000, 0x0000000703800000|  0%| F|  |TAMS 0x0000000703600000| PB 0x0000000703600000| Untracked 
|  28|0x0000000703800000, 0x0000000703800000, 0x0000000703a00000|  0%| F|  |TAMS 0x0000000703800000| PB 0x0000000703800000| Untracked 
|  29|0x0000000703a00000, 0x0000000703a00000, 0x0000000703c00000|  0%| F|  |TAMS 0x0000000703a00000| PB 0x0000000703a00000| Untracked 
|  30|0x0000000703c00000, 0x0000000703c00000, 0x0000000703e00000|  0%| F|  |TAMS 0x0000000703c00000| PB 0x0000000703c00000| Untracked 
|  31|0x0000000703e00000, 0x0000000703e00000, 0x0000000704000000|  0%| F|  |TAMS 0x0000000703e00000| PB 0x0000000703e00000| Untracked 
|  32|0x0000000704000000, 0x0000000704000000, 0x0000000704200000|  0%| F|  |TAMS 0x0000000704000000| PB 0x0000000704000000| Untracked 
|  33|0x0000000704200000, 0x0000000704200000, 0x0000000704400000|  0%| F|  |TAMS 0x0000000704200000| PB 0x0000000704200000| Untracked 
|  34|0x0000000704400000, 0x0000000704400000, 0x0000000704600000|  0%| F|  |TAMS 0x0000000704400000| PB 0x0000000704400000| Untracked 
|  35|0x0000000704600000, 0x0000000704600000, 0x0000000704800000|  0%| F|  |TAMS 0x0000000704600000| PB 0x0000000704600000| Untracked 
|  36|0x0000000704800000, 0x0000000704800000, 0x0000000704a00000|  0%| F|  |TAMS 0x0000000704800000| PB 0x0000000704800000| Untracked 
|  82|0x000000070a400000, 0x000000070a400000, 0x000000070a600000|  0%| F|  |TAMS 0x000000070a400000| PB 0x000000070a400000| Untracked 
|  83|0x000000070a600000, 0x000000070a600000, 0x000000070a800000|  0%| F|  |TAMS 0x000000070a600000| PB 0x000000070a600000| Untracked 
|  84|0x000000070a800000, 0x000000070a800000, 0x000000070aa00000|  0%| F|  |TAMS 0x000000070a800000| PB 0x000000070a800000| Untracked 
|  85|0x000000070aa00000, 0x000000070aa00000, 0x000000070ac00000|  0%| F|  |TAMS 0x000000070aa00000| PB 0x000000070aa00000| Untracked 
|  86|0x000000070ac00000, 0x000000070ad74ab0, 0x000000070ae00000| 72%| S|CS|TAMS 0x000000070ac00000| PB 0x000000070ac00000| Complete 
| 122|0x000000070f400000, 0x000000070f400000, 0x000000070f600000|  0%| F|  |TAMS 0x000000070f400000| PB 0x000000070f400000| Untracked 
|2047|0x00000007ffe00000, 0x0000000800000000, 0x0000000800000000|100%| O|  |TAMS 0x0000000800000000| PB 0x00000007ffe00000| Untracked 

Card table byte_map: [0x000001c0fbfa0000,0x000001c0fc7a0000] _byte_map_base: 0x000001c0f87a0000

Marking Bits: (CMBitMap*) 0x000001c0f8148630
 Bits: [0x000001c08f000000, 0x000001c093000000)

Polling page: 0x000001c0f5f40000

Metaspace:

Usage:
  Non-class:     58.38 MB used.
      Class:      9.59 MB used.
       Both:     67.97 MB used.

Virtual space:
  Non-class space:       64.00 MB reserved,      59.19 MB ( 92%) committed,  1 nodes.
      Class space:      416.00 MB reserved,      10.38 MB (  2%) committed,  1 nodes.
             Both:      480.00 MB reserved,      69.56 MB ( 14%) committed. 

Chunk freelists:
   Non-Class:  4.00 MB
       Class:  5.47 MB
        Both:  9.47 MB

MaxMetaspaceSize: 512.00 MB
CompressedClassSpaceSize: 416.00 MB
Initial GC threshold: 21.00 MB
Current GC threshold: 115.94 MB
CDS: off
 - commit_granule_bytes: 65536.
 - commit_granule_words: 8192.
 - virtual_space_node_default_size: 8388608.
 - enlarge_chunks_in_place: 1.
 - use_allocation_guard: 0.


Internal statistics:

num_allocs_failed_limit: 9.
num_arena_births: 3138.
num_arena_deaths: 0.
num_vsnodes_births: 2.
num_vsnodes_deaths: 0.
num_space_committed: 1113.
num_space_uncommitted: 0.
num_chunks_returned_to_freelist: 9.
num_chunks_taken_from_freelist: 5970.
num_chunk_merges: 9.
num_chunk_splits: 3917.
num_chunks_enlarged: 2425.
num_inconsistent_stats: 0.

CodeHeap 'non-profiled nmethods': size=120000Kb used=3471Kb max_used=4011Kb free=116528Kb
 bounds [0x000001c087ad0000, 0x000001c087ec0000, 0x000001c08f000000]
CodeHeap 'profiled nmethods': size=120000Kb used=11453Kb max_used=12114Kb free=108546Kb
 bounds [0x000001c080000000, 0x000001c080be0000, 0x000001c087530000]
CodeHeap 'non-nmethods': size=5760Kb used=2782Kb max_used=2808Kb free=2978Kb
 bounds [0x000001c087530000, 0x000001c087800000, 0x000001c087ad0000]
CodeCache: size=245760Kb, used=17706Kb, max_used=18933Kb, free=228052Kb
 total_blobs=6980, nmethods=6079, adapters=801, full_count=0
Compilation: enabled, stopped_count=0, restarted_count=0

Compilation events (20 events):
Event: 22.257 Thread 0x000001c0ff611bf0 7011       3       org.gradle.api.internal.file.AbstractOpaqueFileCollection::visitContents (11 bytes)
Event: 22.257 Thread 0x000001c0ff611bf0 nmethod 7011 0x000001c080697f10 code [0x000001c0806980c0, 0x000001c0806982b0]
Event: 22.257 Thread 0x000001c0ff611bf0 7012       3       org.gradle.api.internal.file.AbstractOpaqueFileCollection::iterator (10 bytes)
Event: 22.257 Thread 0x000001c0ff611bf0 nmethod 7012 0x000001c0807e3e90 code [0x000001c0807e4060, 0x000001c0807e42f0]
Event: 22.257 Thread 0x000001c0ff611bf0 7013       3       java.util.stream.Streams$AbstractStreamBuilderImpl::estimateSize (9 bytes)
Event: 22.257 Thread 0x000001c0ff611bf0 nmethod 7013 0x000001c080272290 code [0x000001c080272420, 0x000001c080272538]
Event: 22.258 Thread 0x000001c09a131170 nmethod 7005 0x000001c087c3cc90 code [0x000001c087c3ce40, 0x000001c087c3d050]
Event: 22.258 Thread 0x000001c09a131170 7010       4       org.gradle.internal.snapshot.VfsRelativePath::isPrefix (110 bytes)
Event: 22.259 Thread 0x000001c0ff611bf0 7014   !   3       org.gradle.internal.operations.notify.BuildOperationNotificationBridge$ReplayAndAttachListener::started (64 bytes)
Event: 22.259 Thread 0x000001c0ff611bf0 nmethod 7014 0x000001c080161290 code [0x000001c0801614a0, 0x000001c080161a88]
Event: 22.260 Thread 0x000001c0ff611bf0 7015       3       org.gradle.internal.fingerprint.impl.DefaultFileCollectionSnapshotter$SnapshottingVisitor::visitCollection (58 bytes)
Event: 22.261 Thread 0x000001c0ff611bf0 nmethod 7015 0x000001c0801ade10 code [0x000001c0801ae040, 0x000001c0801ae798]
Event: 22.262 Thread 0x000001c0ff611bf0 7017       3       org.gradle.internal.hash.HashCode$HashCode128::toByteArray (26 bytes)
Event: 22.262 Thread 0x000001c0ff611bf0 nmethod 7017 0x000001c080348810 code [0x000001c0803489e0, 0x000001c080348cc8]
Event: 22.262 Thread 0x000001c0ff611bf0 7018       3       java.util.stream.ForEachOps$ForEachOp$OfRef::evaluateSequential (7 bytes)
Event: 22.263 Thread 0x000001c0ff611bf0 nmethod 7018 0x000001c080274010 code [0x000001c0802741e0, 0x000001c0802745f8]
Event: 22.263 Thread 0x000001c0ff611bf0 7019       3       java.util.stream.ForEachOps$ForEachOp::evaluateSequential (13 bytes)
Event: 22.263 Thread 0x000001c0ff611bf0 nmethod 7019 0x000001c080202710 code [0x000001c0802028e0, 0x000001c080202c98]
Event: 22.263 Thread 0x000001c0ff611bf0 7020   !   3       org.gradle.cache.internal.btree.BTreePersistentIndexedCache::get (57 bytes)
Event: 22.265 Thread 0x000001c0ff611bf0 nmethod 7020 0x000001c08029b190 code [0x000001c08029b480, 0x000001c08029c468]

GC Heap History (20 events):
Event: 14.974 GC heap after
{Heap after GC invocations=11 (full 0):
 garbage-first heap   total 90112K, used 37269K [0x0000000700000000, 0x0000000800000000)
  region size 2048K, 2 young (4096K), 2 survivors (4096K)
 Metaspace       used 52785K, committed 54080K, reserved 491520K
  class space    used 7176K, committed 7808K, reserved 425984K
}
Event: 15.535 GC heap before
{Heap before GC invocations=11 (full 0):
 garbage-first heap   total 90112K, used 78229K [0x0000000700000000, 0x0000000800000000)
  region size 2048K, 22 young (45056K), 2 survivors (4096K)
 Metaspace       used 54597K, committed 56064K, reserved 491520K
  class space    used 7478K, committed 8192K, reserved 425984K
}
Event: 15.539 GC heap after
{Heap after GC invocations=12 (full 0):
 garbage-first heap   total 90112K, used 38961K [0x0000000700000000, 0x0000000800000000)
  region size 2048K, 3 young (6144K), 3 survivors (6144K)
 Metaspace       used 54597K, committed 56064K, reserved 491520K
  class space    used 7478K, committed 8192K, reserved 425984K
}
Event: 16.794 GC heap before
{Heap before GC invocations=12 (full 0):
 garbage-first heap   total 90112K, used 73777K [0x0000000700000000, 0x0000000800000000)
  region size 2048K, 21 young (43008K), 3 survivors (6144K)
 Metaspace       used 58691K, committed 60160K, reserved 491520K
  class space    used 8158K, committed 8896K, reserved 425984K
}
Event: 16.799 GC heap after
{Heap after GC invocations=13 (full 0):
 garbage-first heap   total 90112K, used 40404K [0x0000000700000000, 0x0000000800000000)
  region size 2048K, 2 young (4096K), 2 survivors (4096K)
 Metaspace       used 58691K, committed 60160K, reserved 491520K
  class space    used 8158K, committed 8896K, reserved 425984K
}
Event: 18.019 GC heap before
{Heap before GC invocations=14 (full 0):
 garbage-first heap   total 90112K, used 77268K [0x0000000700000000, 0x0000000800000000)
  region size 2048K, 20 young (40960K), 2 survivors (4096K)
 Metaspace       used 63054K, committed 64576K, reserved 491520K
  class space    used 8819K, committed 9536K, reserved 425984K
}
Event: 18.024 GC heap after
{Heap after GC invocations=15 (full 0):
 garbage-first heap   total 90112K, used 42914K [0x0000000700000000, 0x0000000800000000)
  region size 2048K, 2 young (4096K), 2 survivors (4096K)
 Metaspace       used 63054K, committed 64576K, reserved 491520K
  class space    used 8819K, committed 9536K, reserved 425984K
}
Event: 19.727 GC heap before
{Heap before GC invocations=15 (full 0):
 garbage-first heap   total 90112K, used 79778K [0x0000000700000000, 0x0000000800000000)
  region size 2048K, 20 young (40960K), 2 survivors (4096K)
 Metaspace       used 67623K, committed 69248K, reserved 491520K
  class space    used 9563K, committed 10368K, reserved 425984K
}
Event: 19.735 GC heap after
{Heap after GC invocations=16 (full 0):
 garbage-first heap   total 90112K, used 44865K [0x0000000700000000, 0x0000000800000000)
  region size 2048K, 3 young (6144K), 3 survivors (6144K)
 Metaspace       used 67623K, committed 69248K, reserved 491520K
  class space    used 9563K, committed 10368K, reserved 425984K
}
Event: 21.103 GC heap before
{Heap before GC invocations=16 (full 0):
 garbage-first heap   total 90112K, used 73537K [0x0000000700000000, 0x0000000800000000)
  region size 2048K, 18 young (36864K), 3 survivors (6144K)
 Metaspace       used 69492K, committed 71168K, reserved 491520K
  class space    used 9819K, committed 10624K, reserved 425984K
}
Event: 22.119 GC heap after
{Heap after GC invocations=17 (full 0):
 garbage-first heap   total 90112K, used 48133K [0x0000000700000000, 0x0000000800000000)
  region size 2048K, 3 young (6144K), 3 survivors (6144K)
 Metaspace       used 69492K, committed 71168K, reserved 491520K
  class space    used 9819K, committed 10624K, reserved 425984K
}
Event: 22.142 GC heap before
{Heap before GC invocations=17 (full 0):
 garbage-first heap   total 90112K, used 50181K [0x0000000700000000, 0x0000000800000000)
  region size 2048K, 4 young (8192K), 3 survivors (6144K)
 Metaspace       used 69525K, committed 71168K, reserved 491520K
  class space    used 9819K, committed 10624K, reserved 425984K
}
Event: 22.147 GC heap after
{Heap after GC invocations=18 (full 0):
 garbage-first heap   total 90112K, used 49108K [0x0000000700000000, 0x0000000800000000)
  region size 2048K, 1 young (2048K), 1 survivors (2048K)
 Metaspace       used 69525K, committed 71168K, reserved 491520K
  class space    used 9819K, committed 10624K, reserved 425984K
}
Event: 22.187 GC heap before
{Heap before GC invocations=19 (full 0):
 garbage-first heap   total 90112K, used 51156K [0x0000000700000000, 0x0000000800000000)
  region size 2048K, 2 young (4096K), 1 survivors (2048K)
 Metaspace       used 69543K, committed 71232K, reserved 491520K
  class space    used 9819K, committed 10624K, reserved 425984K
}
Event: 22.189 GC heap after
{Heap after GC invocations=20 (full 0):
 garbage-first heap   total 90112K, used 49269K [0x0000000700000000, 0x0000000800000000)
  region size 2048K, 1 young (2048K), 1 survivors (2048K)
 Metaspace       used 69543K, committed 71232K, reserved 491520K
  class space    used 9819K, committed 10624K, reserved 425984K
}
Event: 22.212 GC heap before
{Heap before GC invocations=20 (full 0):
 garbage-first heap   total 90112K, used 49269K [0x0000000700000000, 0x0000000800000000)
  region size 2048K, 2 young (4096K), 1 survivors (2048K)
 Metaspace       used 69566K, committed 71232K, reserved 491520K
  class space    used 9819K, committed 10624K, reserved 425984K
}
Event: 22.215 GC heap after
{Heap after GC invocations=21 (full 0):
 garbage-first heap   total 90112K, used 49205K [0x0000000700000000, 0x0000000800000000)
  region size 2048K, 1 young (2048K), 1 survivors (2048K)
 Metaspace       used 69566K, committed 71232K, reserved 491520K
  class space    used 9819K, committed 10624K, reserved 425984K
}
Event: 22.236 GC heap before
{Heap before GC invocations=21 (full 0):
 garbage-first heap   total 90112K, used 51253K [0x0000000700000000, 0x0000000800000000)
  region size 2048K, 2 young (4096K), 1 survivors (2048K)
 Metaspace       used 69582K, committed 71232K, reserved 491520K
  class space    used 9819K, committed 10624K, reserved 425984K
}
Event: 22.239 GC heap after
{Heap after GC invocations=22 (full 0):
 garbage-first heap   total 90112K, used 49930K [0x0000000700000000, 0x0000000800000000)
  region size 2048K, 1 young (2048K), 1 survivors (2048K)
 Metaspace       used 69582K, committed 71232K, reserved 491520K
  class space    used 9819K, committed 10624K, reserved 425984K
}
Event: 22.270 GC heap before
{Heap before GC invocations=22 (full 0):
 garbage-first heap   total 90112K, used 51978K [0x0000000700000000, 0x0000000800000000)
  region size 2048K, 2 young (4096K), 1 survivors (2048K)
 Metaspace       used 69600K, committed 71232K, reserved 491520K
  class space    used 9819K, committed 10624K, reserved 425984K
}

Dll operation events (3 events):
Event: 1.689 Loaded shared library C:\Program Files\Android\Android Studio\jbr\bin\java.dll
Event: 1.697 Loaded shared library C:\Program Files\Android\Android Studio\jbr\bin\zip.dll
Event: 3.049 Loaded shared library C:\Program Files\Android\Android Studio\jbr\bin\verify.dll

Deoptimization events (20 events):
Event: 20.993 Thread 0x000001c098994890 Uncommon trap: trap_request=0xffffff45 fr.pc=0x000001c087e168fc relative=0x000000000000079c
Event: 20.993 Thread 0x000001c098994890 Uncommon trap: reason=unstable_if action=reinterpret pc=0x000001c087e168fc method=org.gradle.internal.snapshot.VfsRelativePath.isPrefix(Ljava/lang/String;ILjava/lang/String;ILorg/gradle/internal/snapshot/CaseSensitivity;)Z @ 101 c2
Event: 20.993 Thread 0x000001c098994890 DEOPT PACKING pc=0x000001c087e168fc sp=0x000000b9bccf19d0
Event: 20.993 Thread 0x000001c098994890 DEOPT UNPACKING pc=0x000001c0875846a2 sp=0x000000b9bccf1958 mode 2
Event: 21.064 Thread 0x000001c098ba2dc0 DEOPT PACKING pc=0x000001c0800a0201 sp=0x000000b9bd6fe570
Event: 21.064 Thread 0x000001c098ba2dc0 DEOPT UNPACKING pc=0x000001c087584e42 sp=0x000000b9bd6fda10 mode 0
Event: 22.120 Thread 0x000001c0ff5c2620 Uncommon trap: trap_request=0xfffffff4 fr.pc=0x000001c087e55c60 relative=0x00000000000006e0
Event: 22.120 Thread 0x000001c0ff5c2620 Uncommon trap: reason=null_check action=make_not_entrant pc=0x000001c087e55c60 method=java.io.NioChannelCleanable.performCleanup()V @ 7 c2
Event: 22.121 Thread 0x000001c0ff5c2620 DEOPT PACKING pc=0x000001c087e55c60 sp=0x000000b9bb7ff460
Event: 22.121 Thread 0x000001c0ff5c2620 DEOPT UNPACKING pc=0x000001c0875846a2 sp=0x000000b9bb7ff3d0 mode 2
Event: 22.121 Thread 0x000001c099d08070 Uncommon trap: trap_request=0xffffff45 fr.pc=0x000001c087e563d4 relative=0x0000000000000254
Event: 22.121 Thread 0x000001c099d08070 Uncommon trap: reason=unstable_if action=reinterpret pc=0x000001c087e563d4 method=java.util.concurrent.ConcurrentHashMap.addCount(JI)V @ 97 c2
Event: 22.121 Thread 0x000001c099d08070 DEOPT PACKING pc=0x000001c087e563d4 sp=0x000000b9c08fcdd0
Event: 22.121 Thread 0x000001c099d08070 DEOPT UNPACKING pc=0x000001c0875846a2 sp=0x000000b9c08fcd10 mode 2
Event: 22.124 Thread 0x000001c099d03840 DEOPT PACKING pc=0x000001c08071f22e sp=0x000000b9c02fc6e0
Event: 22.124 Thread 0x000001c099d03840 DEOPT UNPACKING pc=0x000001c087584e42 sp=0x000000b9c02fbc28 mode 0
Event: 22.201 Thread 0x000001c098ba4170 DEOPT PACKING pc=0x000001c08089285b sp=0x000000b9bd9fe280
Event: 22.201 Thread 0x000001c098ba4170 DEOPT UNPACKING pc=0x000001c087584e42 sp=0x000000b9bd9fd708 mode 0
Event: 22.219 Thread 0x000001c099d06cc0 DEOPT PACKING pc=0x000001c08071f22e sp=0x000000b9c01fd3d0
Event: 22.219 Thread 0x000001c099d06cc0 DEOPT UNPACKING pc=0x000001c087584e42 sp=0x000000b9c01fc918 mode 0

Classes loaded (20 events):
Event: 20.369 Loading class jdk/internal/logger/LoggerFinderLoader$TemporaryLoggerFinder
Event: 20.369 Loading class jdk/internal/logger/LoggerFinderLoader$TemporaryLoggerFinder done
Event: 20.369 Loading class sun/util/logging/internal/LoggingProviderImpl$JULWrapper
Event: 20.370 Loading class sun/util/logging/PlatformLogger$ConfigurableBridge$LoggerConfiguration
Event: 20.370 Loading class sun/util/logging/PlatformLogger$ConfigurableBridge$LoggerConfiguration done
Event: 20.370 Loading class sun/util/logging/internal/LoggingProviderImpl$JULWrapper done
Event: 20.370 Loading class java/io/ObjectInputFilter$Config$BuiltinFilterFactory
Event: 20.371 Loading class java/io/ObjectInputFilter$Config$BuiltinFilterFactory done
Event: 20.371 Loading class jdk/internal/access/JavaObjectInputFilterAccess
Event: 20.371 Loading class jdk/internal/access/JavaObjectInputFilterAccess done
Event: 20.371 Loading class java/lang/System$Logger$Level
Event: 20.371 Loading class java/lang/System$Logger$Level done
Event: 20.372 Loading class jdk/internal/event/DeserializationEvent
Event: 20.372 Loading class jdk/internal/event/DeserializationEvent done
Event: 20.373 Loading class java/io/ObjectInputStream$FieldValues
Event: 20.373 Loading class java/io/ObjectInputStream$GetField
Event: 20.373 Loading class java/io/ObjectInputStream$GetField done
Event: 20.373 Loading class java/io/ObjectInputStream$FieldValues done
Event: 20.722 Loading class java/util/LinkedList$LLSpliterator
Event: 20.722 Loading class java/util/LinkedList$LLSpliterator done

Classes unloaded (0 events):
No events

Classes redefined (0 events):
No events

Internal exceptions (20 events):
Event: 18.369 Thread 0x000001c098994890 Exception <a 'sun/nio/fs/WindowsException'{0x000000070a6922c0}> (0x000000070a6922c0) 
thrown [s\src\hotspot\share\prims\jni.cpp, line 537]
Event: 18.370 Thread 0x000001c098994890 Exception <a 'sun/nio/fs/WindowsException'{0x000000070a693f30}> (0x000000070a693f30) 
thrown [s\src\hotspot\share\prims\jni.cpp, line 537]
Event: 18.375 Thread 0x000001c098994890 Exception <a 'sun/nio/fs/WindowsException'{0x000000070a69dbc8}> (0x000000070a69dbc8) 
thrown [s\src\hotspot\share\prims\jni.cpp, line 537]
Event: 18.669 Thread 0x000001c098994890 Exception <a 'java/lang/NoSuchMethodError'{0x00000007044cb268}: 'void java.lang.invoke.DirectMethodHandle$Holder.invokeStatic(java.lang.Object, java.lang.Object, java.lang.Object, java.lang.Object, java.lang.Object, java.lang.Object, java.lang.Object)'> (0x00000007044cb268) 
thrown [s\src\hotspot\share\interpreter\linkResolver.cpp, line 784]
Event: 19.656 Thread 0x000001c098994890 Exception <a 'java/lang/NoSuchMethodError'{0x00000007035dec80}: 'long java.lang.invoke.DirectMethodHandle$Holder.invokeStatic(java.lang.Object, long)'> (0x00000007035dec80) 
thrown [s\src\hotspot\share\interpreter\linkResolver.cpp, line 784]
Event: 19.849 Thread 0x000001c098994890 Implicit null exception at 0x000001c087e17d4e to 0x000001c087e18090
Event: 19.901 Thread 0x000001c098994890 Exception <a 'java/lang/NoSuchMethodError'{0x000000070ac971c0}: 'java.lang.Object java.lang.invoke.DirectMethodHandle$Holder.invokeVirtual(java.lang.Object, java.lang.Object, java.lang.Object, java.lang.Object, java.lang.Object, java.lang.Object, java.lang.Object, java.lang.Object, java.lang.Object, java.lang.Object, java.lang.Object, java.lang.Object, java.lang.Object, java.lang.Object, java.lang.Object, java.lang.Object, java.lang.Object)'> (0x000000070ac971c0) 
thrown [s\src\hotspot\share\interpreter\li
Event: 19.902 Thread 0x000001c098994890 Exception <a 'java/lang/NoSuchMethodError'{0x000000070ac9d5f0}: 'java.lang.Object java.lang.invoke.DirectMethodHandle$Holder.invokeSpecial(java.lang.Object, java.lang.Object, java.lang.Object, java.lang.Object, java.lang.Object, java.lang.Object, java.lang.Object, java.lang.Object, java.lang.Object, java.lang.Object, java.lang.Object, java.lang.Object, java.lang.Object, java.lang.Object, java.lang.Object, java.lang.Object, java.lang.Object, java.lang.Object)'> (0x000000070ac9d5f0) 
thrown [s\src\hotspot\sh
Event: 19.903 Thread 0x000001c098994890 Exception <a 'java/lang/NoSuchMethodError'{0x000000070aca30a8}: 'java.lang.Object java.lang.invoke.DelegatingMethodHandle$Holder.reinvoke_L(java.lang.Object, java.lang.Object, java.lang.Object, java.lang.Object, java.lang.Object, java.lang.Object, java.lang.Object, java.lang.Object, java.lang.Object, java.lang.Object, java.lang.Object, java.lang.Object, java.lang.Object, java.lang.Object, java.lang.Object, java.lang.Object, java.lang.Object)'> (0x000000070aca30a8) 
thrown [s\src\hotspot\share\interpreter\l
Event: 20.315 Thread 0x000001c098994890 Exception <a 'java/lang/NoSuchMethodError'{0x000000070a4694d8}: static Lorg/gradle/api/internal/catalog/DefaultVersionCatalog;.<clinit>()V> (0x000000070a4694d8) 
thrown [s\src\hotspot\share\prims\jni.cpp, line 1144]
Event: 20.320 Thread 0x000001c098994890 Exception <a 'java/lang/NoSuchMethodError'{0x000000070a483d50}: 'long java.lang.invoke.DirectMethodHandle$Holder.invokeSpecial(java.lang.Object, java.lang.Object)'> (0x000000070a483d50) 
thrown [s\src\hotspot\share\interpreter\linkResolver.cpp, line 784]
Event: 20.320 Thread 0x000001c098994890 Exception <a 'java/lang/NoSuchMethodError'{0x000000070a488488}: 'long java.lang.invoke.Invokers$Holder.invokeExact_MT(java.lang.Object, java.lang.Object)'> (0x000000070a488488) 
thrown [s\src\hotspot\share\interpreter\linkResolver.cpp, line 784]
Event: 20.327 Thread 0x000001c098994890 Exception <a 'java/lang/NoSuchMethodError'{0x000000070a4b6ab8}: static [Ljava/lang/Object;.<clinit>()V> (0x000000070a4b6ab8) 
thrown [s\src\hotspot\share\prims\jni.cpp, line 1144]
Event: 20.333 Thread 0x000001c098994890 Exception <a 'java/lang/NoSuchMethodError'{0x000000070a4fa170}: static Lorg/gradle/api/internal/catalog/DependencyModel;.<clinit>()V> (0x000000070a4fa170) 
thrown [s\src\hotspot\share\prims\jni.cpp, line 1144]
Event: 20.334 Thread 0x000001c098994890 Exception <a 'java/lang/NoSuchMethodError'{0x000000070a4fe318}: static Lorg/gradle/api/internal/catalog/AbstractContextAwareModel;.<clinit>()V> (0x000000070a4fe318) 
thrown [s\src\hotspot\share\prims\jni.cpp, line 1144]
Event: 20.336 Thread 0x000001c098994890 Exception <a 'java/lang/NoSuchMethodError'{0x000000070a51b978}: static Lorg/gradle/api/internal/artifacts/dependencies/AbstractVersionConstraint;.<clinit>()V> (0x000000070a51b978) 
thrown [s\src\hotspot\share\prims\jni.cpp, line 1144]
Event: 20.346 Thread 0x000001c098994890 Exception <a 'java/lang/NoSuchMethodError'{0x000000070a58bad8}: static Lorg/gradle/api/internal/catalog/PluginModel;.<clinit>()V> (0x000000070a58bad8) 
thrown [s\src\hotspot\share\prims\jni.cpp, line 1144]
Event: 20.348 Thread 0x000001c098994890 Exception <a 'java/lang/NoSuchMethodError'{0x000000070a5a72c0}: static Lorg/gradle/api/internal/catalog/VersionModel;.<clinit>()V> (0x000000070a5a72c0) 
thrown [s\src\hotspot\share\prims\jni.cpp, line 1144]
Event: 20.724 Thread 0x000001c098994890 Exception <a 'java/lang/IncompatibleClassChangeError'{0x000000070445bde8}: Found class java.lang.Object, but interface was expected> (0x000000070445bde8) 
thrown [s\src\hotspot\share\interpreter\linkResolver.cpp, line 851]
Event: 22.120 Thread 0x000001c0ff5c2620 Implicit null exception at 0x000001c087e55848 to 0x000001c087e55c54

ZGC Phase Switch (0 events):
No events

VM Operations (20 events):
Event: 19.735 Executing VM operation: G1CollectForAllocation (G1 Evacuation Pause) done
Event: 20.495 Executing VM operation: ICBufferFull
Event: 20.496 Executing VM operation: ICBufferFull done
Event: 20.903 Executing VM operation: ICBufferFull
Event: 20.904 Executing VM operation: ICBufferFull done
Event: 21.103 Executing VM operation: G1CollectForAllocation (G1 Evacuation Pause)
Event: 22.119 Executing VM operation: G1CollectForAllocation (G1 Evacuation Pause) done
Event: 22.142 Executing VM operation: G1CollectForAllocation (G1 Evacuation Pause)
Event: 22.147 Executing VM operation: G1CollectForAllocation (G1 Evacuation Pause) done
Event: 22.156 Executing VM operation: G1PauseRemark
Event: 22.160 Executing VM operation: G1PauseRemark done
Event: 22.175 Executing VM operation: G1PauseCleanup
Event: 22.175 Executing VM operation: G1PauseCleanup done
Event: 22.187 Executing VM operation: G1CollectForAllocation (G1 Evacuation Pause)
Event: 22.189 Executing VM operation: G1CollectForAllocation (G1 Evacuation Pause) done
Event: 22.212 Executing VM operation: G1CollectForAllocation (G1 Evacuation Pause)
Event: 22.215 Executing VM operation: G1CollectForAllocation (G1 Evacuation Pause) done
Event: 22.236 Executing VM operation: G1CollectForAllocation (G1 Evacuation Pause)
Event: 22.239 Executing VM operation: G1CollectForAllocation (G1 Evacuation Pause) done
Event: 22.270 Executing VM operation: G1CollectForAllocation (G1 Evacuation Pause)

Memory protections (0 events):
No events

Nmethod flushes (20 events):
Event: 22.159 Thread 0x000001c0f5d94780 flushing  nmethod 0x000001c080014990
Event: 22.159 Thread 0x000001c0f5d94780 flushing  nmethod 0x000001c080057a10
Event: 22.159 Thread 0x000001c0f5d94780 flushing  nmethod 0x000001c080058110
Event: 22.159 Thread 0x000001c0f5d94780 flushing  nmethod 0x000001c080061890
Event: 22.159 Thread 0x000001c0f5d94780 flushing  nmethod 0x000001c0801ba690
Event: 22.159 Thread 0x000001c0f5d94780 flushing  nmethod 0x000001c0801bb590
Event: 22.159 Thread 0x000001c0f5d94780 flushing  nmethod 0x000001c0801bba90
Event: 22.159 Thread 0x000001c0f5d94780 flushing  nmethod 0x000001c080231690
Event: 22.159 Thread 0x000001c0f5d94780 flushing  nmethod 0x000001c08027f810
Event: 22.159 Thread 0x000001c0f5d94780 flushing  nmethod 0x000001c08041cf90
Event: 22.159 Thread 0x000001c0f5d94780 flushing  nmethod 0x000001c08047a490
Event: 22.159 Thread 0x000001c0f5d94780 flushing  nmethod 0x000001c080532a90
Event: 22.159 Thread 0x000001c0f5d94780 flushing  nmethod 0x000001c080538110
Event: 22.159 Thread 0x000001c0f5d94780 flushing  nmethod 0x000001c08059be10
Event: 22.159 Thread 0x000001c0f5d94780 flushing  nmethod 0x000001c080658990
Event: 22.159 Thread 0x000001c0f5d94780 flushing  nmethod 0x000001c0808dd890
Event: 22.159 Thread 0x000001c0f5d94780 flushing  nmethod 0x000001c080652b90
Event: 22.159 Thread 0x000001c0f5d94780 flushing  nmethod 0x000001c0806c5810
Event: 22.159 Thread 0x000001c0f5d94780 flushing  nmethod 0x000001c0806c6310
Event: 22.159 Thread 0x000001c0f5d94780 flushing  nmethod 0x000001c0806c6d90

Events (20 events):
Event: 20.854 Thread 0x000001c098994890 Thread added: 0x000001c098ef7e40
Event: 20.858 Thread 0x000001c098994890 Thread added: 0x000001c098efac30
Event: 20.864 Thread 0x000001c098994890 Thread added: 0x000001c098efb950
Event: 20.869 Thread 0x000001c098994890 Thread added: 0x000001c098efbfe0
Event: 20.875 Thread 0x000001c098994890 Thread added: 0x000001c098efc670
Event: 20.879 Thread 0x000001c098994890 Thread added: 0x000001c099d02b20
Event: 20.883 Thread 0x000001c098994890 Thread added: 0x000001c099d05280
Event: 20.887 Thread 0x000001c098994890 Thread added: 0x000001c099d04bf0
Event: 20.893 Thread 0x000001c098994890 Thread added: 0x000001c099d05fa0
Event: 21.042 Thread 0x000001c098994890 Thread added: 0x000001c099d031b0
Event: 21.043 Thread 0x000001c098994890 Thread added: 0x000001c099d06cc0
Event: 21.043 Thread 0x000001c098994890 Thread added: 0x000001c099d03840
Event: 21.044 Thread 0x000001c098994890 Thread added: 0x000001c099d06630
Event: 21.045 Thread 0x000001c098994890 Thread added: 0x000001c099d07350
Event: 21.045 Thread 0x000001c098994890 Thread added: 0x000001c099d03ed0
Event: 21.046 Thread 0x000001c098994890 Thread added: 0x000001c099d079e0
Event: 21.047 Thread 0x000001c098994890 Thread added: 0x000001c099d04560
Event: 21.047 Thread 0x000001c098994890 Thread added: 0x000001c099d08070
Event: 21.048 Thread 0x000001c098994890 Thread added: 0x000001c099d08700
Event: 21.049 Thread 0x000001c098994890 Thread added: 0x000001c099d08d90


Dynamic libraries:
0x00007ff6051f0000 - 0x00007ff6051fa000 	C:\Program Files\Android\Android Studio\jbr\bin\java.exe
0x00007ffa525a0000 - 0x00007ffa52807000 	C:\Windows\SYSTEM32\ntdll.dll
0x00007ffa517d0000 - 0x00007ffa51899000 	C:\Windows\System32\KERNEL32.DLL
0x00007ffa4f430000 - 0x00007ffa4f821000 	C:\Windows\System32\KERNELBASE.dll
0x00007ffa4aad0000 - 0x00007ffa4aae8000 	C:\Program Files\Android\Android Studio\jbr\bin\jli.dll
0x00007ffa4f8f0000 - 0x00007ffa4fa3b000 	C:\Windows\System32\ucrtbase.dll
0x00007ffa51b50000 - 0x00007ffa51d15000 	C:\Windows\System32\USER32.dll
0x00007ffa4f290000 - 0x00007ffa4f2b7000 	C:\Windows\System32\win32u.dll
0x00007ffa52240000 - 0x00007ffa5226b000 	C:\Windows\System32\GDI32.dll
0x00007ffa4aab0000 - 0x00007ffa4aacb000 	C:\Program Files\Android\Android Studio\jbr\bin\VCRUNTIME140.dll
0x00007ffa4ef30000 - 0x00007ffa4f05b000 	C:\Windows\System32\gdi32full.dll
0x00007ffa4f060000 - 0x00007ffa4f103000 	C:\Windows\System32\msvcp_win.dll
0x00007ffa39910000 - 0x00007ffa39ba3000 	C:\Windows\WinSxS\amd64_microsoft.windows.common-controls_6595b64144ccf1df_6.0.26100.8037_none_3e092faae333b53b\COMCTL32.dll
0x00007ffa50be0000 - 0x00007ffa50c89000 	C:\Windows\System32\msvcrt.dll
0x00007ffa52520000 - 0x00007ffa52551000 	C:\Windows\System32\IMM32.DLL
0x00007ffa4aa20000 - 0x00007ffa4aa2c000 	C:\Program Files\Android\Android Studio\jbr\bin\vcruntime140_1.dll
0x00007ffa1c510000 - 0x00007ffa1c59d000 	C:\Program Files\Android\Android Studio\jbr\bin\msvcp140.dll
0x00007ff957ee0000 - 0x00007ff958b76000 	C:\Program Files\Android\Android Studio\jbr\bin\server\jvm.dll
0x00007ffa50d70000 - 0x00007ffa50e2b000 	C:\Windows\System32\ADVAPI32.dll
0x00007ffa50ae0000 - 0x00007ffa50b87000 	C:\Windows\System32\sechost.dll
0x00007ffa52120000 - 0x00007ffa52238000 	C:\Windows\System32\RPCRT4.dll
0x00007ffa523d0000 - 0x00007ffa52444000 	C:\Windows\System32\WS2_32.dll
0x00007ffa4da80000 - 0x00007ffa4dade000 	C:\Windows\SYSTEM32\POWRPROF.dll
0x00007ffa48820000 - 0x00007ffa4882b000 	C:\Windows\SYSTEM32\VERSION.dll
0x00007ffa41de0000 - 0x00007ffa41e15000 	C:\Windows\SYSTEM32\WINMM.dll
0x00007ffa4da60000 - 0x00007ffa4da74000 	C:\Windows\SYSTEM32\UMPDC.dll
0x00007ffa4dd30000 - 0x00007ffa4dd4b000 	C:\Windows\SYSTEM32\kernel.appcore.dll
0x00007ffa4aa10000 - 0x00007ffa4aa1a000 	C:\Program Files\Android\Android Studio\jbr\bin\jimage.dll
0x00007ffa46890000 - 0x00007ffa46ad2000 	C:\Windows\SYSTEM32\DBGHELP.DLL
0x00007ffa51d20000 - 0x00007ffa520a2000 	C:\Windows\System32\combase.dll
0x00007ffa51a70000 - 0x00007ffa51b47000 	C:\Windows\System32\OLEAUT32.dll
0x00007ffa1be70000 - 0x00007ffa1beab000 	C:\Windows\SYSTEM32\dbgcore.DLL
0x00007ffa4ee80000 - 0x00007ffa4ef25000 	C:\Windows\System32\bcryptPrimitives.dll
0x00007ffa4aa00000 - 0x00007ffa4aa0e000 	C:\Program Files\Android\Android Studio\jbr\bin\instrument.dll
0x00007ffa4a9e0000 - 0x00007ffa4aa00000 	C:\Program Files\Android\Android Studio\jbr\bin\java.dll
0x00007ffa4a9c0000 - 0x00007ffa4a9d8000 	C:\Program Files\Android\Android Studio\jbr\bin\zip.dll
0x00007ffa50370000 - 0x00007ffa50acf000 	C:\Windows\System32\SHELL32.dll
0x00007ffa4f2c0000 - 0x00007ffa4f42a000 	C:\Windows\System32\wintypes.dll
0x00007ffa4fad0000 - 0x00007ffa50334000 	C:\Windows\System32\windows.storage.dll
0x00007ffa51460000 - 0x00007ffa51557000 	C:\Windows\System32\SHCORE.dll
0x00007ffa520b0000 - 0x00007ffa52117000 	C:\Windows\System32\shlwapi.dll
0x00007ffa4eda0000 - 0x00007ffa4edc9000 	C:\Windows\SYSTEM32\profapi.dll
0x00007ffa4a9b0000 - 0x00007ffa4a9c0000 	C:\Program Files\Android\Android Studio\jbr\bin\net.dll
0x00007ffa48870000 - 0x00007ffa48997000 	C:\Windows\SYSTEM32\WINHTTP.dll
0x00007ffa4e2a0000 - 0x00007ffa4e30b000 	C:\Windows\system32\mswsock.dll
0x00007ffa47b90000 - 0x00007ffa47ba6000 	C:\Program Files\Android\Android Studio\jbr\bin\nio.dll
0x00007ffa4a9a0000 - 0x00007ffa4a9b0000 	C:\Program Files\Android\Android Studio\jbr\bin\verify.dll
0x00007ffa41d10000 - 0x00007ffa41d37000 	C:\Users\ERIC SHELDON RS\.gradle\native\1def1411415f61bf3af743bc5b6707747c0891f09f0c88961ee8f79bc544acac\windows-amd64\native-platform.dll
0x00007ffa406b0000 - 0x00007ffa40728000 	C:\Users\ERIC SHELDON RS\.gradle\native\0.2.7\x86_64-windows-gnu\gradle-fileevents.dll
0x00007ffa47c10000 - 0x00007ffa47c19000 	C:\Program Files\Android\Android Studio\jbr\bin\management.dll
0x00007ffa406a0000 - 0x00007ffa406ab000 	C:\Program Files\Android\Android Studio\jbr\bin\management_ext.dll
0x00007ffa519a0000 - 0x00007ffa519a8000 	C:\Windows\System32\PSAPI.DLL
0x00007ffa4d720000 - 0x00007ffa4d753000 	C:\Windows\SYSTEM32\IPHLPAPI.DLL
0x00007ffa52510000 - 0x00007ffa5251a000 	C:\Windows\System32\NSI.dll
0x00007ffa3ec70000 - 0x00007ffa3ec79000 	C:\Program Files\Android\Android Studio\jbr\bin\extnet.dll
0x00007ffa4e580000 - 0x00007ffa4e59b000 	C:\Windows\SYSTEM32\CRYPTSP.dll
0x00007ffa4dc90000 - 0x00007ffa4dcc9000 	C:\Windows\system32\rsaenh.dll
0x00007ffa4e350000 - 0x00007ffa4e382000 	C:\Windows\SYSTEM32\USERENV.dll
0x00007ffa4ed70000 - 0x00007ffa4ed9a000 	C:\Windows\SYSTEM32\bcrypt.dll
0x00007ffa4e5a0000 - 0x00007ffa4e5ac000 	C:\Windows\SYSTEM32\CRYPTBASE.dll
0x00007ffa362a0000 - 0x00007ffa362a8000 	C:\Windows\system32\wshunix.dll

JVMTI agents:
C:\Users\ERIC SHELDON RS\.gradle\wrapper\dists\gradle-8.13-bin\5xuhj0ry160q40clulazy9h7d\gradle-8.13\lib\agents\gradle-instrumentation-agent-8.13.jar path:C:\Program Files\Android\Android Studio\jbr\bin\instrument.dll, loaded, initialized, instrumentlib options:none

dbghelp: loaded successfully - version: 4.0.5 - missing functions: none
symbol engine: initialized successfully - sym options: 0x614 - pdb path: .;C:\Program Files\Android\Android Studio\jbr\bin;C:\Windows\SYSTEM32;C:\Windows\WinSxS\amd64_microsoft.windows.common-controls_6595b64144ccf1df_6.0.26100.8037_none_3e092faae333b53b;C:\Program Files\Android\Android Studio\jbr\bin\server;C:\Users\ERIC SHELDON RS\.gradle\native\1def1411415f61bf3af743bc5b6707747c0891f09f0c88961ee8f79bc544acac\windows-amd64;C:\Users\ERIC SHELDON RS\.gradle\native\0.2.7\x86_64-windows-gnu

VM Arguments:
jvm_args: --add-opens=java.base/java.lang=ALL-UNNAMED --add-opens=java.base/java.lang.invoke=ALL-UNNAMED --add-opens=java.base/java.util=ALL-UNNAMED --add-opens=java.prefs/java.util.prefs=ALL-UNNAMED --add-exports=jdk.compiler/com.sun.tools.javac.api=ALL-UNNAMED --add-exports=jdk.compiler/com.sun.tools.javac.util=ALL-UNNAMED --add-opens=java.base/java.util=ALL-UNNAMED --add-opens=java.prefs/java.util.prefs=ALL-UNNAMED --add-opens=java.base/java.nio.charset=ALL-UNNAMED --add-opens=java.base/java.net=ALL-UNNAMED --add-opens=java.base/java.util.concurrent.atomic=ALL-UNNAMED --add-opens=java.xml/javax.xml.namespace=ALL-UNNAMED -XX:MaxMetaspaceSize=512m -Xmx4096m -Dfile.encoding=UTF-8 -Duser.country=IN -Duser.language=en -Duser.variant -javaagent:C:\Users\ERIC SHELDON RS\.gradle\wrapper\dists\gradle-8.13-bin\5xuhj0ry160q40clulazy9h7d\gradle-8.13\lib\agents\gradle-instrumentation-agent-8.13.jar 
java_command: org.gradle.launcher.daemon.bootstrap.GradleDaemon 8.13
java_class_path (initial): C:\Users\ERIC SHELDON RS\.gradle\wrapper\dists\gradle-8.13-bin\5xuhj0ry160q40clulazy9h7d\gradle-8.13\lib\gradle-daemon-main-8.13.jar
Launcher Type: SUN_STANDARD

[Global flags]
     intx CICompilerCount                          = 4                                         {product} {ergonomic}
   size_t CompressedClassSpaceSize                 = 436207616                                 {product} {ergonomic}
     uint ConcGCThreads                            = 3                                         {product} {ergonomic}
     uint G1ConcRefinementThreads                  = 10                                        {product} {ergonomic}
   size_t G1HeapRegionSize                         = 2097152                                   {product} {ergonomic}
    uintx GCDrainStackTargetSize                   = 64                                        {product} {ergonomic}
   size_t InitialHeapSize                          = 257949696                                 {product} {ergonomic}
   size_t MarkStackSize                            = 4194304                                   {product} {ergonomic}
   size_t MaxHeapSize                              = 4294967296                                {product} {command line}
   size_t MaxMetaspaceSize                         = 536870912                                 {product} {command line}
   size_t MaxNewSize                               = 2575302656                                {product} {ergonomic}
   size_t MinHeapDeltaBytes                        = 2097152                                   {product} {ergonomic}
   size_t MinHeapSize                              = 8388608                                   {product} {ergonomic}
    uintx NonNMethodCodeHeapSize                   = 5839372                                {pd product} {ergonomic}
    uintx NonProfiledCodeHeapSize                  = 122909434                              {pd product} {ergonomic}
    uintx ProfiledCodeHeapSize                     = 122909434                              {pd product} {ergonomic}
    uintx ReservedCodeCacheSize                    = 251658240                              {pd product} {ergonomic}
     bool SegmentedCodeCache                       = true                                      {product} {ergonomic}
   size_t SoftMaxHeapSize                          = 4294967296                             {manageable} {ergonomic}
     bool UseCompressedOops                        = true                           {product lp64_product} {ergonomic}
     bool UseG1GC                                  = true                                      {product} {ergonomic}
     bool UseLargePagesIndividualAllocation        = false                                  {pd product} {ergonomic}

Logging:
Log output configuration:
 #0: stdout all=warning uptime,level,tags foldmultilines=false
 #1: stderr all=off uptime,level,tags foldmultilines=false

Environment Variables:
PATH=C:\Program Files\Common Files\Oracle\Java\javapath;C:\Windows\system32;C:\Windows;C:\Windows\System32\Wbem;C:\Windows\System32\WindowsPowerShell\v1.0\;C:\Windows\System32\OpenSSH\;C:\Program Files (x86)\NVIDIA Corporation\PhysX\Common;C:\src\flutter\bin;C:\Android\Sdk;C:\Program Files\Git\cmd;C:\Program Files\cursor\resources\app\bin;C:\Users\ERIC SHELDON RS\AppData\Local\Android\Sdk\platform-tools;C:\laragon\bin\php\php-8.3.28-Win32-vs16-x64;C:\Program Files\nodejs\;C:\Program Files\MySQL\MySQL Shell 8.0\bin\;C:\Users\ERIC SHELDON RS\AppData\Local\Microsoft\WindowsApps;C:\ProgramData\ERIC SHELDON RS\GitHubDesktop\bin;C:\src\flutter\bin;C:\Android\Sdk;C:\Users\ERIC SHELDON RS\AppData\Local\Android\Sdk\platform-tools;C:\Program Files\nodejs;C:\Users\ERIC SHELDON RS\AppData\Local\Programs\Antigravity\bin;C:\Users\ERIC SHELDON RS\AppData\Local\Programs\Microsoft VS Code\bin;C:\Users\ERIC SHELDON RS\AppData\Local\Programs\Windsurf\bin;C:\Users\ERIC SHELDON RS\AppData\Roaming\npm;c:\Users\ERIC SHELDON RS\.antigravity\extensions\vscjava.vscode-java-debug-0.58.5-universal\bundled\scripts\noConfigScripts
USERNAME=ERIC SHELDON RS
LANG=en_US.UTF-8
OS=Windows_NT
PROCESSOR_IDENTIFIER=AMD64 Family 25 Model 68 Stepping 1, AuthenticAMD
TMP=C:\Users\ERICSH~1\AppData\Local\Temp
TEMP=C:\Users\ERICSH~1\AppData\Local\Temp




Periodic native trim disabled

JNI global refs:
JNI global refs: 27, weak refs: 1

JNI global refs memory usage: 835, weak refs: 833

Process memory usage:
Resident Set Size: 281748K (1% of 16053040K total physical memory with 1357128K free physical memory)

OOME stack traces (most recent first):
Classloader memory used:
Loader org.gradle.internal.classloader.VisitableURLClassLoader                         : 36058K
Loader bootstrap                                                                       : 23287K
Loader org.gradle.initialization.MixInLegacyTypesClassLoader                           : 9257K
Loader jdk.internal.loader.ClassLoaders$PlatformClassLoader                            : 525K
Loader jdk.internal.loader.ClassLoaders$AppClassLoader                                 : 235K
Loader org.gradle.internal.classloader.VisitableURLClassLoader                         : 107K
Loader jdk.internal.reflect.DelegatingClassLoader                                      : 62400B
Loader org.gradle.internal.classloader.VisitableURLClassLoader$InstrumentingVisitableURLClassLoader: 41176B
Loader org.gradle.groovy.scripts.internal.DefaultScriptCompilationHandler$ScriptClassLoader: 23936B
Loader org.codehaus.groovy.runtime.callsite.CallSiteClassLoader                        : 3680B

Classes loaded by more than one classloader:
Class Program                                                                         : loaded 3 times (x 74B)
Class org.gradle.internal.classloader.ClassLoaderHierarchy                            : loaded 2 times (x 70B)
Class org.gradle.api.internal.classpath.ManifestUtil                                  : loaded 2 times (x 71B)
Class org.gradle.internal.classloader.DefaultClassLoaderFactory                       : loaded 2 times (x 82B)
Class org.gradle.internal.classloader.ClassLoaderVisitor                              : loaded 2 times (x 76B)
Class org.gradle.api.internal.classpath.EffectiveClassPath                            : loaded 2 times (x 90B)
Class org.gradle.api.internal.DefaultClassPathProvider                                : loaded 2 times (x 76B)
Class [Lorg.gradle.api.internal.ClassPathProvider;                                    : loaded 2 times (x 69B)
Class org.gradle.api.internal.ClassPathProvider                                       : loaded 2 times (x 70B)
Class org.gradle.internal.service.UnknownServiceException                             : loaded 2 times (x 83B)
Class org.gradle.internal.classpath.TransformedClassPath                              : loaded 2 times (x 96B)
Class org.gradle.internal.classloader.InstrumentingClassLoader                        : loaded 2 times (x 70B)
Class org.gradle.internal.service.ServiceLocator                                      : loaded 2 times (x 70B)
Class org.gradle.internal.InternalTransformer                                         : loaded 2 times (x 70B)
Class org.gradle.internal.classloader.ClasspathUtil$1                                 : loaded 2 times (x 76B)
Class org.gradle.api.internal.classpath.DefaultModuleRegistry$DefaultModule           : loaded 2 times (x 86B)
Class org.gradle.api.internal.classpath.Module                                        : loaded 2 times (x 70B)
Class org.gradle.api.internal.classpath.UnknownModuleException                        : loaded 2 times (x 82B)
Class org.gradle.api.internal.DefaultClassPathRegistry                                : loaded 2 times (x 76B)
Class org.gradle.api.internal.ClassPathRegistry                                       : loaded 2 times (x 70B)
Class org.gradle.internal.classpath.DefaultClassPath$ImmutableUniqueList              : loaded 2 times (x 199B)
Class org.gradle.internal.classloader.FilteringClassLoader                            : loaded 2 times (x 105B)
Class org.gradle.internal.classpath.ClassPath                                         : loaded 2 times (x 70B)
Class org.gradle.api.UncheckedIOException                                             : loaded 2 times (x 82B)
Class org.gradle.internal.installation.GradleInstallation$1                           : loaded 2 times (x 75B)
Class org.gradle.api.internal.classpath.ModuleRegistry                                : loaded 2 times (x 70B)
Class org.gradle.api.internal.classpath.DefaultModuleRegistry                         : loaded 2 times (x 86B)
Class org.gradle.internal.service.ServiceLookupException                              : loaded 2 times (x 82B)
Class org.gradle.internal.classloader.ClassLoaderFactory                              : loaded 2 times (x 70B)
Class org.gradle.internal.service.CachingServiceLocator                               : loaded 2 times (x 82B)
Class org.gradle.internal.classloader.ClasspathUtil                                   : loaded 2 times (x 71B)
Class org.gradle.api.specs.Spec                                                       : loaded 2 times (x 70B)
Class org.gradle.internal.classloader.VisitableURLClassLoader$InstrumentingVisitableURLClassLoader: loaded 2 times (x 123B)
Class org.gradle.internal.classloader.VisitableURLClassLoader$Spec                    : loaded 2 times (x 74B)
Class org.gradle.internal.classpath.DefaultClassPath                                  : loaded 2 times (x 90B)
Class org.gradle.internal.classloader.ClassLoaderSpec                                 : loaded 2 times (x 71B)
Class org.gradle.internal.classloader.VisitableURLClassLoader                         : loaded 2 times (x 117B)
Class Settings_gradle                                                                 : loaded 2 times (x 128B)
Class org.gradle.internal.Cast                                                        : loaded 2 times (x 71B)
Class org.gradle.api.Action                                                           : loaded 2 times (x 70B)
Class org.gradle.internal.classpath.DefaultClassPath$ImmutableUniqueList$Builder      : loaded 2 times (x 75B)
Class org.gradle.api.GradleException                                                  : loaded 2 times (x 82B)
Class org.gradle.internal.IoActions                                                   : loaded 2 times (x 71B)
Class org.gradle.internal.classloader.SystemClassLoaderSpec                           : loaded 2 times (x 71B)
Class org.gradle.api.internal.classpath.GlobalCacheRootsProvider                      : loaded 2 times (x 70B)
Class org.gradle.internal.installation.CurrentGradleInstallationLocator               : loaded 2 times (x 71B)
Class org.gradle.internal.service.DefaultServiceLocator                               : loaded 2 times (x 83B)
Class org.gradle.internal.installation.CurrentGradleInstallation                      : loaded 2 times (x 73B)
Class org.gradle.util.internal.GUtil                                                  : loaded 2 times (x 71B)
Class org.gradle.internal.installation.GradleInstallation                             : loaded 2 times (x 75B)

---------------  S Y S T E M  ---------------

OS:
 Windows 11 , 64 bit Build 26100 (10.0.26100.7920)
OS uptime: 0 days 0:38 hours
Hyper-V role detected

CPU: total 12 (initial active 12) (12 cores per cpu, 2 threads per core) family 25 model 68 stepping 1 microcode 0xa40410a, cx8, cmov, fxsr, ht, mmx, 3dnowpref, sse, sse2, sse3, ssse3, sse4a, sse4.1, sse4.2, popcnt, lzcnt, tsc, tscinvbit, avx, avx2, aes, erms, clmul, bmi1, bmi2, adx, sha, fma, vzeroupper, clflush, clflushopt, hv, rdtscp, rdpid, fsrm, f16c, cet_ss
Processor Information for processor 0
  Max Mhz: 3301, Current Mhz: 3301, Mhz Limit: 3301
Processor Information for processor 1
  Max Mhz: 3301, Current Mhz: 3301, Mhz Limit: 3301
Processor Information for processor 2
  Max Mhz: 3301, Current Mhz: 3301, Mhz Limit: 3301
Processor Information for processor 3
  Max Mhz: 3301, Current Mhz: 2640, Mhz Limit: 3301
Processor Information for processor 4
  Max Mhz: 3301, Current Mhz: 3301, Mhz Limit: 3301
Processor Information for processor 5
  Max Mhz: 3301, Current Mhz: 3301, Mhz Limit: 3301
Processor Information for processor 6
  Max Mhz: 3301, Current Mhz: 3301, Mhz Limit: 3301
Processor Information for processor 7
  Max Mhz: 3301, Current Mhz: 2640, Mhz Limit: 3301
Processor Information for processor 8
  Max Mhz: 3301, Current Mhz: 3301, Mhz Limit: 3301
Processor Information for processor 9
  Max Mhz: 3301, Current Mhz: 3301, Mhz Limit: 3301
Processor Information for processor 10
  Max Mhz: 3301, Current Mhz: 3301, Mhz Limit: 3301
Processor Information for processor 11
  Max Mhz: 3301, Current Mhz: 3301, Mhz Limit: 3301

Memory: 4k page, system-wide physical 15676M (1320M free)
TotalPageFile size 32060M (AvailPageFile size 6M)
current process WorkingSet (physical memory assigned to process): 276M, peak: 298M
current process commit charge ("private bytes"): 318M, peak: 426M

vm_info: OpenJDK 64-Bit Server VM (21.0.8+-14196175-b1038.72) for windows-amd64 JRE (21.0.8+-14196175-b1038.72), built on 2025-10-01T10:24:33Z by "builder" with MS VC++ 16.10 / 16.11 (VS2019)

END.
